<?xml version="1.0" encoding="UTF-8"?>
<testsuite name="Join the community of testers." tests="1" skipped="0" failures="1" errors="0" timestamp="2022-10-05T19:16:42" hostname="CHMEPPF0FQ31E" time="31.974">
  <properties/>
  <testcase name="Register on the Utest.com page" classname="Join the community of testers." time="31.974">
    <failure message="org.openqa.selenium.NoSuchWindowException: no such window: target window already closed&#10;from unknown error: web view not found&#10;  (Session info: chrome=105.0.5195.127)&#10;Build info: version: '3.141.59', revision: 'e82be7d358', time: '2018-11-14T08:17:03'&#10;System info: host: 'CHMEPPF0FQ31E', ip: '192.168.1.52', os.name: 'Windows 10', os.arch: 'amd64', os.version: '10.0', java.version: '1.8.0_341'&#10;Driver info: org.openqa.selenium.chrome.ChromeDriver&#10;Capabilities {acceptInsecureCerts: false, browserName: chrome, browserVersion: 105.0.5195.127, chrome: {chromedriverVersion: 105.0.5195.19 (b9c217c128c1..., userDataDir: C:\Users\CCASTR~1\AppData\L...}, goog:chromeOptions: {debuggerAddress: localhost:56546}, javascriptEnabled: true, networkConnectionEnabled: false, pageLoadStrategy: normal, platform: WINDOWS, platformName: WINDOWS, proxy: Proxy(), setWindowRect: true, strictFileInteractability: false, timeouts: {implicit: 0, pageLoad: 300000, script: 30000}, unhandledPromptBehavior: dismiss and notify, webauthn:extension:credBlob: true, webauthn:extension:largeBlob: true, webauthn:virtualAuthenticators: true}&#10;Session ID: 55a3ef18d894e31dafb4000f5a54808e&#10;*** Element info: {Using=xpath, value=//*[@id=&quot;web-device&quot;]/div[2]/div[2]/div/div[1]/span/span[1]}" type="org.openqa.selenium.NoSuchWindowException">org.openqa.selenium.NoSuchWindowException: no such window: target window already closed
from unknown error: web view not found
  (Session info: chrome=105.0.5195.127)
Build info: version: '3.141.59', revision: 'e82be7d358', time: '2018-11-14T08:17:03'
System info: host: 'CHMEPPF0FQ31E', ip: '192.168.1.52', os.name: 'Windows 10', os.arch: 'amd64', os.version: '10.0', java.version: '1.8.0_341'
Driver info: org.openqa.selenium.chrome.ChromeDriver
Capabilities {acceptInsecureCerts: false, browserName: chrome, browserVersion: 105.0.5195.127, chrome: {chromedriverVersion: 105.0.5195.19 (b9c217c128c1..., userDataDir: C:\Users\CCASTR~1\AppData\L...}, goog:chromeOptions: {debuggerAddress: localhost:56546}, javascriptEnabled: true, networkConnectionEnabled: false, pageLoadStrategy: normal, platform: WINDOWS, platformName: WINDOWS, proxy: Proxy(), setWindowRect: true, strictFileInteractability: false, timeouts: {implicit: 0, pageLoad: 300000, script: 30000}, unhandledPromptBehavior: dismiss and notify, webauthn:extension:credBlob: true, webauthn:extension:largeBlob: true, webauthn:virtualAuthenticators: true}
Session ID: 55a3ef18d894e31dafb4000f5a54808e
*** Element info: {Using=xpath, value=//*[@id=&quot;web-device&quot;]/div[2]/div[2]/div/div[1]/span/span[1]}
	at sun.reflect.NativeConstructorAccessorImpl.newInstance0(Native Method)
	at sun.reflect.NativeConstructorAccessorImpl.newInstance(NativeConstructorAccessorImpl.java:62)
	at sun.reflect.DelegatingConstructorAccessorImpl.newInstance(DelegatingConstructorAccessorImpl.java:45)
	at java.lang.reflect.Constructor.newInstance(Constructor.java:423)
	at org.openqa.selenium.remote.http.W3CHttpResponseCodec.createException(W3CHttpResponseCodec.java:187)
	at org.openqa.selenium.remote.http.W3CHttpResponseCodec.decode(W3CHttpResponseCodec.java:122)
	at org.openqa.selenium.remote.http.W3CHttpResponseCodec.decode(W3CHttpResponseCodec.java:49)
	at org.openqa.selenium.remote.HttpCommandExecutor.execute(HttpCommandExecutor.java:158)
	at org.openqa.selenium.remote.service.DriverCommandExecutor.execute(DriverCommandExecutor.java:83)
	at org.openqa.selenium.remote.RemoteWebDriver.execute(RemoteWebDriver.java:552)
	at org.openqa.selenium.remote.RemoteWebDriver.findElement(RemoteWebDriver.java:323)
	at org.openqa.selenium.remote.RemoteWebDriver.findElementByXPath(RemoteWebDriver.java:428)
	at org.openqa.selenium.By$ByXPath.findElement(By.java:353)
	at org.openqa.selenium.remote.RemoteWebDriver.findElement(RemoteWebDriver.java:315)
	at net.thucydides.core.webdriver.WebDriverFacade.findElement(WebDriverFacade.java:222)
	at net.serenitybdd.core.pages.WebElementResolverByLocator.resolveForDriver(WebElementResolverByLocator.java:18)
	at net.serenitybdd.core.pages.WebElementFacadeImpl.getElement(WebElementFacadeImpl.java:221)
	at net.serenitybdd.core.pages.WebElementExpectations$3.apply(WebElementExpectations.java:63)
	at net.serenitybdd.core.pages.WebElementExpectations$3.apply(WebElementExpectations.java:55)
	at org.openqa.selenium.support.ui.FluentWait.until(FluentWait.java:249)
	at net.serenitybdd.core.pages.WebElementFacadeImpl.waitUntilEnabled(WebElementFacadeImpl.java:1146)
	at net.serenitybdd.core.pages.WebElementFacadeImpl.waitUntilElementAvailable(WebElementFacadeImpl.java:954)
	at net.serenitybdd.core.pages.WebElementFacadeImpl.click(WebElementFacadeImpl.java:1229)
	at net.serenitybdd.screenplay.actions.ClickOnTarget.performAs(ClickOnTarget.java:13)
	at net.serenitybdd.screenplay.actions.ClickOnTarget$ByteBuddy$wYWUPp61.performAs$accessor$gcxpWgvx(Unknown Source)
	at sun.reflect.NativeMethodAccessorImpl.invoke0(Native Method)
	at sun.reflect.NativeMethodAccessorImpl.invoke(NativeMethodAccessorImpl.java:62)
	at sun.reflect.DelegatingMethodAccessorImpl.invoke(DelegatingMethodAccessorImpl.java:43)
	at java.lang.reflect.Method.invoke(Method.java:498)
	at net.thucydides.core.steps.StepInterceptor.invokeMethod(StepInterceptor.java:471)
	at net.thucydides.core.steps.StepInterceptor.executeTestStepMethod(StepInterceptor.java:451)
	at net.thucydides.core.steps.StepInterceptor.runTestStep(StepInterceptor.java:424)
	at net.thucydides.core.steps.StepInterceptor.runOrSkipMethod(StepInterceptor.java:180)
	at net.thucydides.core.steps.StepInterceptor.testStepResult(StepInterceptor.java:167)
	at net.thucydides.core.steps.StepInterceptor.intercept(StepInterceptor.java:75)
	at net.serenitybdd.screenplay.actions.ClickOnTarget$ByteBuddy$wYWUPp61.performAs(Unknown Source)
	at net.serenitybdd.screenplay.Actor.performTask(Actor.java:233)
	at net.serenitybdd.screenplay.Actor.perform(Actor.java:214)
	at net.serenitybdd.screenplay.Actor.attemptsTo(Actor.java:171)
	at tasks.EntersThree.performAs(EntersThree.java:19)
	at tasks.EntersThree$ByteBuddy$eHErBUz4.performAs$accessor$ByKj38SG(Unknown Source)
	at sun.reflect.NativeMethodAccessorImpl.invoke0(Native Method)
	at sun.reflect.NativeMethodAccessorImpl.invoke(NativeMethodAccessorImpl.java:62)
	at sun.reflect.DelegatingMethodAccessorImpl.invoke(DelegatingMethodAccessorImpl.java:43)
	at java.lang.reflect.Method.invoke(Method.java:498)
	at net.thucydides.core.steps.StepInterceptor.invokeMethod(StepInterceptor.java:471)
	at net.thucydides.core.steps.StepInterceptor.executeTestStepMethod(StepInterceptor.java:451)
	at net.thucydides.core.steps.StepInterceptor.runTestStep(StepInterceptor.java:424)
	at net.thucydides.core.steps.StepInterceptor.runOrSkipMethod(StepInterceptor.java:180)
	at net.thucydides.core.steps.StepInterceptor.testStepResult(StepInterceptor.java:167)
	at net.thucydides.core.steps.StepInterceptor.intercept(StepInterceptor.java:75)
	at tasks.EntersThree$ByteBuddy$eHErBUz4.performAs(Unknown Source)
	at net.serenitybdd.screenplay.Actor.performTask(Actor.java:233)
	at net.serenitybdd.screenplay.Actor.perform(Actor.java:214)
	at net.serenitybdd.screenplay.Actor.attemptsTo(Actor.java:171)
	at stepdefinitions.UtestStepDefinition.heEntersTheDataRequiredInTheFourRegistrationSteps(UtestStepDefinition.java:32)
	at ✽.he enters the data required in the four registration steps(src/test/resources/features/utest.feature:9)
</failure>
  </testcase>
  <system-out><![CDATA[]]></system-out>
  <system-err><![CDATA[[Test worker] WARN net.thucydides.core.steps.BaseStepListener - stepStarted: net.thucydides.core.steps.ExecutedStepDescription@28a0fd6c
[Test worker] WARN net.thucydides.core.steps.BaseStepListener - stepStarted: net.thucydides.core.steps.ExecutedStepDescription@7772054c
[Test worker] WARN net.thucydides.core.steps.BaseStepListener - stepStarted: net.thucydides.core.steps.ExecutedStepDescription@3e4f80cb
oct 05, 2022 2:16:43 PM org.openqa.selenium.remote.DesiredCapabilities chrome
INFORMACIÓN: Using `new ChromeOptions()` is preferred to `DesiredCapabilities.chrome()`
[Test worker] INFO net.serenitybdd.core.webdriver.driverproviders.ProvideNewDriver - Instantiating driver
[Test worker] INFO net.serenitybdd.core.webdriver.driverproviders.ProvideNewDriver - Driver capabilities: Capabilities {acceptInsecureCerts: false, browserName: chrome, chrome.switches: --start-maximized, goog:chromeOptions: {args: [--start-maximized], extensions: []}, loggingPrefs: org.openqa.selenium.logging..., platform: ANY, version: }
Starting ChromeDriver 105.0.5195.19 (b9c217c128c16f53d12f9a02933fcfdec1bf49af-refs/branch-heads/5195@{#176}) on port 48114
Only local connections are allowed.
Please see https://chromedriver.chromium.org/security-considerations for suggestions on keeping ChromeDriver safe.
ChromeDriver was started successfully.
oct 05, 2022 2:16:47 PM org.openqa.selenium.remote.ProtocolHandshake createSession
INFORMACIÓN: Detected dialect: W3C
[Test worker] WARN net.thucydides.core.steps.BaseStepListener - stepFinished: current outcome:Register on the Utest.com page:Given than Carlos is on the Utest page [Carlos open up [Carlos opens the Utest page]]
[Test worker] WARN net.thucydides.core.steps.BaseStepListener - stepFinished: current outcome:Register on the Utest.com page:Given than Carlos is on the Utest page [Carlos open up [Carlos opens the Utest page]]
[Test worker] WARN net.thucydides.core.steps.BaseStepListener - stepFinished: current outcome:Register on the Utest.com page:Given than Carlos is on the Utest page [Carlos open up [Carlos opens the Utest page]]
[Test worker] WARN net.thucydides.core.steps.BaseStepListener - stepStarted: net.thucydides.core.steps.ExecutedStepDescription@1ec22831
[Test worker] WARN net.thucydides.core.steps.BaseStepListener - stepStarted: net.thucydides.core.steps.ExecutedStepDescription@1934ad7c
[Test worker] WARN net.thucydides.core.steps.BaseStepListener - stepStarted: net.thucydides.core.steps.ExecutedStepDescription@5f59ea8c
[Test worker] WARN net.thucydides.core.steps.BaseStepListener - stepFinished: current outcome:Register on the Utest.com page:Given than Carlos is on the Utest page [Carlos open up [Carlos opens the Utest page]], When he clicks Join Today on the Utest page [Carlos join today [Carlos clicks on Click in the button Join Today]]
[Test worker] WARN net.thucydides.core.steps.BaseStepListener - stepFinished: current outcome:Register on the Utest.com page:Given than Carlos is on the Utest page [Carlos open up [Carlos opens the Utest page]], When he clicks Join Today on the Utest page [Carlos join today [Carlos clicks on Click in the button Join Today]]
[Test worker] WARN net.thucydides.core.steps.BaseStepListener - stepFinished: current outcome:Register on the Utest.com page:Given than Carlos is on the Utest page [Carlos open up [Carlos opens the Utest page]], When he clicks Join Today on the Utest page [Carlos join today [Carlos clicks on Click in the button Join Today]]
[Test worker] WARN net.thucydides.core.steps.BaseStepListener - stepStarted: net.thucydides.core.steps.ExecutedStepDescription@77c3c037
[Test worker] WARN net.thucydides.core.steps.BaseStepListener - stepStarted: net.thucydides.core.steps.ExecutedStepDescription@9dada78
[Test worker] WARN net.thucydides.core.steps.BaseStepListener - stepStarted: net.thucydides.core.steps.ExecutedStepDescription@716185fe
[Test worker] WARN net.thucydides.core.steps.BaseStepListener - stepFinished: current outcome:Register on the Utest.com page:Given than Carlos is on the Utest page [Carlos open up [Carlos opens the Utest page]], When he clicks Join Today on the Utest page [Carlos join today [Carlos clicks on Click in the button Join Today]], And he enters the data required in the four registration steps
| first_name | last_name | email_address | language | city | postal_code | country | computer | version | language_computer | mobile_device | model | operating_system | password | repeat_password |
| Carlos | Castro | castro@correo.com | Spanish | Bello, Antioquia | 050044 | Colombia | Windows | Windows 10 Education | Spanish | Motorola | Moto G9 Plus | Android 10 | Asdfghjkl123*a | Asdfghjkl123*a | [Carlos enters [Carlos enters 'Carlos' into Where we write the first name]]
[Test worker] WARN net.thucydides.core.steps.BaseStepListener - stepStarted: net.thucydides.core.steps.ExecutedStepDescription@603cabc4
[Test worker] WARN net.thucydides.core.steps.BaseStepListener - stepFinished: current outcome:Register on the Utest.com page:Given than Carlos is on the Utest page [Carlos open up [Carlos opens the Utest page]], When he clicks Join Today on the Utest page [Carlos join today [Carlos clicks on Click in the button Join Today]], And he enters the data required in the four registration steps
| first_name | last_name | email_address | language | city | postal_code | country | computer | version | language_computer | mobile_device | model | operating_system | password | repeat_password |
| Carlos | Castro | castro@correo.com | Spanish | Bello, Antioquia | 050044 | Colombia | Windows | Windows 10 Education | Spanish | Motorola | Moto G9 Plus | Android 10 | Asdfghjkl123*a | Asdfghjkl123*a | [Carlos enters [Carlos enters 'Carlos' into Where we write the first name, Carlos enters 'Castro' into Where we write the last name]]
[Test worker] WARN net.thucydides.core.steps.BaseStepListener - stepStarted: net.thucydides.core.steps.ExecutedStepDescription@64b70f41
[Test worker] WARN net.thucydides.core.steps.BaseStepListener - stepFinished: current outcome:Register on the Utest.com page:Given than Carlos is on the Utest page [Carlos open up [Carlos opens the Utest page]], When he clicks Join Today on the Utest page [Carlos join today [Carlos clicks on Click in the button Join Today]], And he enters the data required in the four registration steps
| first_name | last_name | email_address | language | city | postal_code | country | computer | version | language_computer | mobile_device | model | operating_system | password | repeat_password |
| Carlos | Castro | castro@correo.com | Spanish | Bello, Antioquia | 050044 | Colombia | Windows | Windows 10 Education | Spanish | Motorola | Moto G9 Plus | Android 10 | Asdfghjkl123*a | Asdfghjkl123*a | [Carlos enters [Carlos enters 'Carlos' into Where we write the first name, Carlos enters 'Castro' into Where we write the last name, Carlos enters 'castro@correo.com' into Where we write the email address]]
[Test worker] WARN net.thucydides.core.steps.BaseStepListener - stepStarted: net.thucydides.core.steps.ExecutedStepDescription@766a52f5
[Test worker] WARN net.thucydides.core.steps.BaseStepListener - stepFinished: current outcome:Register on the Utest.com page:Given than Carlos is on the Utest page [Carlos open up [Carlos opens the Utest page]], When he clicks Join Today on the Utest page [Carlos join today [Carlos clicks on Click in the button Join Today]], And he enters the data required in the four registration steps
| first_name | last_name | email_address | language | city | postal_code | country | computer | version | language_computer | mobile_device | model | operating_system | password | repeat_password |
| Carlos | Castro | castro@correo.com | Spanish | Bello, Antioquia | 050044 | Colombia | Windows | Windows 10 Education | Spanish | Motorola | Moto G9 Plus | Android 10 | Asdfghjkl123*a | Asdfghjkl123*a | [Carlos enters [Carlos enters 'Carlos' into Where we write the first name, Carlos enters 'Castro' into Where we write the last name, Carlos enters 'castro@correo.com' into Where we write the email address, Carlos clicks on Click on the month of date birth]]
[Test worker] WARN net.thucydides.core.steps.BaseStepListener - stepStarted: net.thucydides.core.steps.ExecutedStepDescription@5042e3d0
[Test worker] WARN net.thucydides.core.steps.BaseStepListener - stepFinished: current outcome:Register on the Utest.com page:Given than Carlos is on the Utest page [Carlos open up [Carlos opens the Utest page]], When he clicks Join Today on the Utest page [Carlos join today [Carlos clicks on Click in the button Join Today]], And he enters the data required in the four registration steps
| first_name | last_name | email_address | language | city | postal_code | country | computer | version | language_computer | mobile_device | model | operating_system | password | repeat_password |
| Carlos | Castro | castro@correo.com | Spanish | Bello, Antioquia | 050044 | Colombia | Windows | Windows 10 Education | Spanish | Motorola | Moto G9 Plus | Android 10 | Asdfghjkl123*a | Asdfghjkl123*a | [Carlos enters [Carlos enters 'Carlos' into Where we write the first name, Carlos enters 'Castro' into Where we write the last name, Carlos enters 'castro@correo.com' into Where we write the email address, Carlos clicks on Click on the month of date birth, Carlos clicks on Click on the day of date birth]]
[Test worker] WARN net.thucydides.core.steps.BaseStepListener - stepStarted: net.thucydides.core.steps.ExecutedStepDescription@6518fdfd
[Test worker] WARN net.thucydides.core.steps.BaseStepListener - stepFinished: current outcome:Register on the Utest.com page:Given than Carlos is on the Utest page [Carlos open up [Carlos opens the Utest page]], When he clicks Join Today on the Utest page [Carlos join today [Carlos clicks on Click in the button Join Today]], And he enters the data required in the four registration steps
| first_name | last_name | email_address | language | city | postal_code | country | computer | version | language_computer | mobile_device | model | operating_system | password | repeat_password |
| Carlos | Castro | castro@correo.com | Spanish | Bello, Antioquia | 050044 | Colombia | Windows | Windows 10 Education | Spanish | Motorola | Moto G9 Plus | Android 10 | Asdfghjkl123*a | Asdfghjkl123*a | [Carlos enters [Carlos enters 'Carlos' into Where we write the first name, Carlos enters 'Castro' into Where we write the last name, Carlos enters 'castro@correo.com' into Where we write the email address, Carlos clicks on Click on the month of date birth, Carlos clicks on Click on the day of date birth, Carlos clicks on Click on the year of date birth]]
[Test worker] WARN net.thucydides.core.steps.BaseStepListener - stepStarted: net.thucydides.core.steps.ExecutedStepDescription@523a7801
[Test worker] WARN net.thucydides.core.steps.BaseStepListener - stepFinished: current outcome:Register on the Utest.com page:Given than Carlos is on the Utest page [Carlos open up [Carlos opens the Utest page]], When he clicks Join Today on the Utest page [Carlos join today [Carlos clicks on Click in the button Join Today]], And he enters the data required in the four registration steps
| first_name | last_name | email_address | language | city | postal_code | country | computer | version | language_computer | mobile_device | model | operating_system | password | repeat_password |
| Carlos | Castro | castro@correo.com | Spanish | Bello, Antioquia | 050044 | Colombia | Windows | Windows 10 Education | Spanish | Motorola | Moto G9 Plus | Android 10 | Asdfghjkl123*a | Asdfghjkl123*a | [Carlos enters [Carlos enters 'Carlos' into Where we write the first name, Carlos enters 'Castro' into Where we write the last name, Carlos enters 'castro@correo.com' into Where we write the email address, Carlos clicks on Click on the month of date birth, Carlos clicks on Click on the day of date birth, Carlos clicks on Click on the year of date birth, Carlos enters 'Spanish' into Where we write the native language]]
[Test worker] WARN net.thucydides.core.steps.BaseStepListener - stepStarted: net.thucydides.core.steps.ExecutedStepDescription@4bb1b96b
[Test worker] WARN net.thucydides.core.steps.BaseStepListener - stepFinished: current outcome:Register on the Utest.com page:Given than Carlos is on the Utest page [Carlos open up [Carlos opens the Utest page]], When he clicks Join Today on the Utest page [Carlos join today [Carlos clicks on Click in the button Join Today]], And he enters the data required in the four registration steps
| first_name | last_name | email_address | language | city | postal_code | country | computer | version | language_computer | mobile_device | model | operating_system | password | repeat_password |
| Carlos | Castro | castro@correo.com | Spanish | Bello, Antioquia | 050044 | Colombia | Windows | Windows 10 Education | Spanish | Motorola | Moto G9 Plus | Android 10 | Asdfghjkl123*a | Asdfghjkl123*a | [Carlos enters [Carlos enters 'Carlos' into Where we write the first name, Carlos enters 'Castro' into Where we write the last name, Carlos enters 'castro@correo.com' into Where we write the email address, Carlos clicks on Click on the month of date birth, Carlos clicks on Click on the day of date birth, Carlos clicks on Click on the year of date birth, Carlos enters 'Spanish' into Where we write the native language, Carlos types 'ENTER' in Where we write the native language]]
[Test worker] WARN net.thucydides.core.steps.BaseStepListener - stepStarted: net.thucydides.core.steps.ExecutedStepDescription@5ba90d8a
[Test worker] WARN net.thucydides.core.steps.BaseStepListener - stepFinished: current outcome:Register on the Utest.com page:Given than Carlos is on the Utest page [Carlos open up [Carlos opens the Utest page]], When he clicks Join Today on the Utest page [Carlos join today [Carlos clicks on Click in the button Join Today]], And he enters the data required in the four registration steps
| first_name | last_name | email_address | language | city | postal_code | country | computer | version | language_computer | mobile_device | model | operating_system | password | repeat_password |
| Carlos | Castro | castro@correo.com | Spanish | Bello, Antioquia | 050044 | Colombia | Windows | Windows 10 Education | Spanish | Motorola | Moto G9 Plus | Android 10 | Asdfghjkl123*a | Asdfghjkl123*a | [Carlos enters [Carlos enters 'Carlos' into Where we write the first name, Carlos enters 'Castro' into Where we write the last name, Carlos enters 'castro@correo.com' into Where we write the email address, Carlos clicks on Click on the month of date birth, Carlos clicks on Click on the day of date birth, Carlos clicks on Click on the year of date birth, Carlos enters 'Spanish' into Where we write the native language, Carlos types 'ENTER' in Where we write the native language, Carlos clicks on Click on the button for the steps next]]
[Test worker] WARN net.thucydides.core.steps.BaseStepListener - stepFinished: current outcome:Register on the Utest.com page:Given than Carlos is on the Utest page [Carlos open up [Carlos opens the Utest page]], When he clicks Join Today on the Utest page [Carlos join today [Carlos clicks on Click in the button Join Today]], And he enters the data required in the four registration steps
| first_name | last_name | email_address | language | city | postal_code | country | computer | version | language_computer | mobile_device | model | operating_system | password | repeat_password |
| Carlos | Castro | castro@correo.com | Spanish | Bello, Antioquia | 050044 | Colombia | Windows | Windows 10 Education | Spanish | Motorola | Moto G9 Plus | Android 10 | Asdfghjkl123*a | Asdfghjkl123*a | [Carlos enters [Carlos enters 'Carlos' into Where we write the first name, Carlos enters 'Castro' into Where we write the last name, Carlos enters 'castro@correo.com' into Where we write the email address, Carlos clicks on Click on the month of date birth, Carlos clicks on Click on the day of date birth, Carlos clicks on Click on the year of date birth, Carlos enters 'Spanish' into Where we write the native language, Carlos types 'ENTER' in Where we write the native language, Carlos clicks on Click on the button for the steps next]]
[Test worker] WARN net.thucydides.core.steps.BaseStepListener - stepStarted: net.thucydides.core.steps.ExecutedStepDescription@b4732dc
[Test worker] WARN net.thucydides.core.steps.BaseStepListener - stepStarted: net.thucydides.core.steps.ExecutedStepDescription@4cc01c7f
[Test worker] WARN net.thucydides.core.steps.BaseStepListener - stepFinished: current outcome:Register on the Utest.com page:Given than Carlos is on the Utest page [Carlos open up [Carlos opens the Utest page]], When he clicks Join Today on the Utest page [Carlos join today [Carlos clicks on Click in the button Join Today]], And he enters the data required in the four registration steps
| first_name | last_name | email_address | language | city | postal_code | country | computer | version | language_computer | mobile_device | model | operating_system | password | repeat_password |
| Carlos | Castro | castro@correo.com | Spanish | Bello, Antioquia | 050044 | Colombia | Windows | Windows 10 Education | Spanish | Motorola | Moto G9 Plus | Android 10 | Asdfghjkl123*a | Asdfghjkl123*a | [Carlos enters [Carlos enters 'Carlos' into Where we write the first name, Carlos enters 'Castro' into Where we write the last name, Carlos enters 'castro@correo.com' into Where we write the email address, Carlos clicks on Click on the month of date birth, Carlos clicks on Click on the day of date birth, Carlos clicks on Click on the year of date birth, Carlos enters 'Spanish' into Where we write the native language, Carlos types 'ENTER' in Where we write the native language, Carlos clicks on Click on the button for the steps next], Carlos enters two [Carlos clicks on Where we write the city]]
[Test worker] WARN net.thucydides.core.steps.BaseStepListener - stepStarted: net.thucydides.core.steps.ExecutedStepDescription@5934ca1e
[Test worker] WARN net.thucydides.core.steps.BaseStepListener - stepFinished: current outcome:Register on the Utest.com page:Given than Carlos is on the Utest page [Carlos open up [Carlos opens the Utest page]], When he clicks Join Today on the Utest page [Carlos join today [Carlos clicks on Click in the button Join Today]], And he enters the data required in the four registration steps
| first_name | last_name | email_address | language | city | postal_code | country | computer | version | language_computer | mobile_device | model | operating_system | password | repeat_password |
| Carlos | Castro | castro@correo.com | Spanish | Bello, Antioquia | 050044 | Colombia | Windows | Windows 10 Education | Spanish | Motorola | Moto G9 Plus | Android 10 | Asdfghjkl123*a | Asdfghjkl123*a | [Carlos enters [Carlos enters 'Carlos' into Where we write the first name, Carlos enters 'Castro' into Where we write the last name, Carlos enters 'castro@correo.com' into Where we write the email address, Carlos clicks on Click on the month of date birth, Carlos clicks on Click on the day of date birth, Carlos clicks on Click on the year of date birth, Carlos enters 'Spanish' into Where we write the native language, Carlos types 'ENTER' in Where we write the native language, Carlos clicks on Click on the button for the steps next], Carlos enters two [Carlos clicks on Where we write the city, Carlos clears field Where we write the city]]
[Test worker] WARN net.thucydides.core.steps.BaseStepListener - stepStarted: net.thucydides.core.steps.ExecutedStepDescription@61149fa5
[Test worker] WARN net.thucydides.core.steps.BaseStepListener - stepFinished: current outcome:Register on the Utest.com page:Given than Carlos is on the Utest page [Carlos open up [Carlos opens the Utest page]], When he clicks Join Today on the Utest page [Carlos join today [Carlos clicks on Click in the button Join Today]], And he enters the data required in the four registration steps
| first_name | last_name | email_address | language | city | postal_code | country | computer | version | language_computer | mobile_device | model | operating_system | password | repeat_password |
| Carlos | Castro | castro@correo.com | Spanish | Bello, Antioquia | 050044 | Colombia | Windows | Windows 10 Education | Spanish | Motorola | Moto G9 Plus | Android 10 | Asdfghjkl123*a | Asdfghjkl123*a | [Carlos enters [Carlos enters 'Carlos' into Where we write the first name, Carlos enters 'Castro' into Where we write the last name, Carlos enters 'castro@correo.com' into Where we write the email address, Carlos clicks on Click on the month of date birth, Carlos clicks on Click on the day of date birth, Carlos clicks on Click on the year of date birth, Carlos enters 'Spanish' into Where we write the native language, Carlos types 'ENTER' in Where we write the native language, Carlos clicks on Click on the button for the steps next], Carlos enters two [Carlos clicks on Where we write the city, Carlos clears field Where we write the city, Carlos enters 'Bello, Antioquia' into Where we write the city]]
[Test worker] WARN net.thucydides.core.steps.BaseStepListener - stepStarted: net.thucydides.core.steps.ExecutedStepDescription@60e1d87c
[Test worker] WARN net.thucydides.core.steps.BaseStepListener - stepFinished: current outcome:Register on the Utest.com page:Given than Carlos is on the Utest page [Carlos open up [Carlos opens the Utest page]], When he clicks Join Today on the Utest page [Carlos join today [Carlos clicks on Click in the button Join Today]], And he enters the data required in the four registration steps
| first_name | last_name | email_address | language | city | postal_code | country | computer | version | language_computer | mobile_device | model | operating_system | password | repeat_password |
| Carlos | Castro | castro@correo.com | Spanish | Bello, Antioquia | 050044 | Colombia | Windows | Windows 10 Education | Spanish | Motorola | Moto G9 Plus | Android 10 | Asdfghjkl123*a | Asdfghjkl123*a | [Carlos enters [Carlos enters 'Carlos' into Where we write the first name, Carlos enters 'Castro' into Where we write the last name, Carlos enters 'castro@correo.com' into Where we write the email address, Carlos clicks on Click on the month of date birth, Carlos clicks on Click on the day of date birth, Carlos clicks on Click on the year of date birth, Carlos enters 'Spanish' into Where we write the native language, Carlos types 'ENTER' in Where we write the native language, Carlos clicks on Click on the button for the steps next], Carlos enters two [Carlos clicks on Where we write the city, Carlos clears field Where we write the city, Carlos enters 'Bello, Antioquia' into Where we write the city, Carlos types 'DOWN' in Where we write the city]]
[Test worker] WARN net.thucydides.core.steps.BaseStepListener - stepStarted: net.thucydides.core.steps.ExecutedStepDescription@71560f51
[Test worker] WARN net.thucydides.core.steps.BaseStepListener - stepFinished: current outcome:Register on the Utest.com page:Given than Carlos is on the Utest page [Carlos open up [Carlos opens the Utest page]], When he clicks Join Today on the Utest page [Carlos join today [Carlos clicks on Click in the button Join Today]], And he enters the data required in the four registration steps
| first_name | last_name | email_address | language | city | postal_code | country | computer | version | language_computer | mobile_device | model | operating_system | password | repeat_password |
| Carlos | Castro | castro@correo.com | Spanish | Bello, Antioquia | 050044 | Colombia | Windows | Windows 10 Education | Spanish | Motorola | Moto G9 Plus | Android 10 | Asdfghjkl123*a | Asdfghjkl123*a | [Carlos enters [Carlos enters 'Carlos' into Where we write the first name, Carlos enters 'Castro' into Where we write the last name, Carlos enters 'castro@correo.com' into Where we write the email address, Carlos clicks on Click on the month of date birth, Carlos clicks on Click on the day of date birth, Carlos clicks on Click on the year of date birth, Carlos enters 'Spanish' into Where we write the native language, Carlos types 'ENTER' in Where we write the native language, Carlos clicks on Click on the button for the steps next], Carlos enters two [Carlos clicks on Where we write the city, Carlos clears field Where we write the city, Carlos enters 'Bello, Antioquia' into Where we write the city, Carlos types 'DOWN' in Where we write the city, Carlos types 'ENTER' in Where we write the city]]
[Test worker] WARN net.thucydides.core.steps.BaseStepListener - stepStarted: net.thucydides.core.steps.ExecutedStepDescription@5d352de0
[Test worker] WARN net.thucydides.core.steps.BaseStepListener - stepFinished: current outcome:Register on the Utest.com page:Given than Carlos is on the Utest page [Carlos open up [Carlos opens the Utest page]], When he clicks Join Today on the Utest page [Carlos join today [Carlos clicks on Click in the button Join Today]], And he enters the data required in the four registration steps
| first_name | last_name | email_address | language | city | postal_code | country | computer | version | language_computer | mobile_device | model | operating_system | password | repeat_password |
| Carlos | Castro | castro@correo.com | Spanish | Bello, Antioquia | 050044 | Colombia | Windows | Windows 10 Education | Spanish | Motorola | Moto G9 Plus | Android 10 | Asdfghjkl123*a | Asdfghjkl123*a | [Carlos enters [Carlos enters 'Carlos' into Where we write the first name, Carlos enters 'Castro' into Where we write the last name, Carlos enters 'castro@correo.com' into Where we write the email address, Carlos clicks on Click on the month of date birth, Carlos clicks on Click on the day of date birth, Carlos clicks on Click on the year of date birth, Carlos enters 'Spanish' into Where we write the native language, Carlos types 'ENTER' in Where we write the native language, Carlos clicks on Click on the button for the steps next], Carlos enters two [Carlos clicks on Where we write the city, Carlos clears field Where we write the city, Carlos enters 'Bello, Antioquia' into Where we write the city, Carlos types 'DOWN' in Where we write the city, Carlos types 'ENTER' in Where we write the city, Carlos enters '050044' into Where we write the code postal]]
[Test worker] WARN net.thucydides.core.steps.BaseStepListener - stepStarted: net.thucydides.core.steps.ExecutedStepDescription@27b337bb
[Test worker] WARN net.thucydides.core.steps.BaseStepListener - stepFinished: current outcome:Register on the Utest.com page:Given than Carlos is on the Utest page [Carlos open up [Carlos opens the Utest page]], When he clicks Join Today on the Utest page [Carlos join today [Carlos clicks on Click in the button Join Today]], And he enters the data required in the four registration steps
| first_name | last_name | email_address | language | city | postal_code | country | computer | version | language_computer | mobile_device | model | operating_system | password | repeat_password |
| Carlos | Castro | castro@correo.com | Spanish | Bello, Antioquia | 050044 | Colombia | Windows | Windows 10 Education | Spanish | Motorola | Moto G9 Plus | Android 10 | Asdfghjkl123*a | Asdfghjkl123*a | [Carlos enters [Carlos enters 'Carlos' into Where we write the first name, Carlos enters 'Castro' into Where we write the last name, Carlos enters 'castro@correo.com' into Where we write the email address, Carlos clicks on Click on the month of date birth, Carlos clicks on Click on the day of date birth, Carlos clicks on Click on the year of date birth, Carlos enters 'Spanish' into Where we write the native language, Carlos types 'ENTER' in Where we write the native language, Carlos clicks on Click on the button for the steps next], Carlos enters two [Carlos clicks on Where we write the city, Carlos clears field Where we write the city, Carlos enters 'Bello, Antioquia' into Where we write the city, Carlos types 'DOWN' in Where we write the city, Carlos types 'ENTER' in Where we write the city, Carlos enters '050044' into Where we write the code postal, Carlos clicks on Where we write the country]]
[Test worker] WARN net.thucydides.core.steps.BaseStepListener - stepStarted: net.thucydides.core.steps.ExecutedStepDescription@373afd6c
[Test worker] WARN net.thucydides.core.steps.BaseStepListener - stepFinished: current outcome:Register on the Utest.com page:Given than Carlos is on the Utest page [Carlos open up [Carlos opens the Utest page]], When he clicks Join Today on the Utest page [Carlos join today [Carlos clicks on Click in the button Join Today]], And he enters the data required in the four registration steps
| first_name | last_name | email_address | language | city | postal_code | country | computer | version | language_computer | mobile_device | model | operating_system | password | repeat_password |
| Carlos | Castro | castro@correo.com | Spanish | Bello, Antioquia | 050044 | Colombia | Windows | Windows 10 Education | Spanish | Motorola | Moto G9 Plus | Android 10 | Asdfghjkl123*a | Asdfghjkl123*a | [Carlos enters [Carlos enters 'Carlos' into Where we write the first name, Carlos enters 'Castro' into Where we write the last name, Carlos enters 'castro@correo.com' into Where we write the email address, Carlos clicks on Click on the month of date birth, Carlos clicks on Click on the day of date birth, Carlos clicks on Click on the year of date birth, Carlos enters 'Spanish' into Where we write the native language, Carlos types 'ENTER' in Where we write the native language, Carlos clicks on Click on the button for the steps next], Carlos enters two [Carlos clicks on Where we write the city, Carlos clears field Where we write the city, Carlos enters 'Bello, Antioquia' into Where we write the city, Carlos types 'DOWN' in Where we write the city, Carlos types 'ENTER' in Where we write the city, Carlos enters '050044' into Where we write the code postal, Carlos clicks on Where we write the country, Carlos enters 'Colombia' into Where we write the country]]
[Test worker] WARN net.thucydides.core.steps.BaseStepListener - stepStarted: net.thucydides.core.steps.ExecutedStepDescription@46a795de
[Test worker] WARN net.thucydides.core.steps.BaseStepListener - stepFinished: current outcome:Register on the Utest.com page:Given than Carlos is on the Utest page [Carlos open up [Carlos opens the Utest page]], When he clicks Join Today on the Utest page [Carlos join today [Carlos clicks on Click in the button Join Today]], And he enters the data required in the four registration steps
| first_name | last_name | email_address | language | city | postal_code | country | computer | version | language_computer | mobile_device | model | operating_system | password | repeat_password |
| Carlos | Castro | castro@correo.com | Spanish | Bello, Antioquia | 050044 | Colombia | Windows | Windows 10 Education | Spanish | Motorola | Moto G9 Plus | Android 10 | Asdfghjkl123*a | Asdfghjkl123*a | [Carlos enters [Carlos enters 'Carlos' into Where we write the first name, Carlos enters 'Castro' into Where we write the last name, Carlos enters 'castro@correo.com' into Where we write the email address, Carlos clicks on Click on the month of date birth, Carlos clicks on Click on the day of date birth, Carlos clicks on Click on the year of date birth, Carlos enters 'Spanish' into Where we write the native language, Carlos types 'ENTER' in Where we write the native language, Carlos clicks on Click on the button for the steps next], Carlos enters two [Carlos clicks on Where we write the city, Carlos clears field Where we write the city, Carlos enters 'Bello, Antioquia' into Where we write the city, Carlos types 'DOWN' in Where we write the city, Carlos types 'ENTER' in Where we write the city, Carlos enters '050044' into Where we write the code postal, Carlos clicks on Where we write the country, Carlos enters 'Colombia' into Where we write the country, Carlos types 'ENTER' in Where we write the country]]
[Test worker] WARN net.thucydides.core.steps.BaseStepListener - stepStarted: net.thucydides.core.steps.ExecutedStepDescription@265a094b
[Test worker] WARN net.thucydides.core.steps.BaseStepListener - stepFinished: current outcome:Register on the Utest.com page:Given than Carlos is on the Utest page [Carlos open up [Carlos opens the Utest page]], When he clicks Join Today on the Utest page [Carlos join today [Carlos clicks on Click in the button Join Today]], And he enters the data required in the four registration steps
| first_name | last_name | email_address | language | city | postal_code | country | computer | version | language_computer | mobile_device | model | operating_system | password | repeat_password |
| Carlos | Castro | castro@correo.com | Spanish | Bello, Antioquia | 050044 | Colombia | Windows | Windows 10 Education | Spanish | Motorola | Moto G9 Plus | Android 10 | Asdfghjkl123*a | Asdfghjkl123*a | [Carlos enters [Carlos enters 'Carlos' into Where we write the first name, Carlos enters 'Castro' into Where we write the last name, Carlos enters 'castro@correo.com' into Where we write the email address, Carlos clicks on Click on the month of date birth, Carlos clicks on Click on the day of date birth, Carlos clicks on Click on the year of date birth, Carlos enters 'Spanish' into Where we write the native language, Carlos types 'ENTER' in Where we write the native language, Carlos clicks on Click on the button for the steps next], Carlos enters two [Carlos clicks on Where we write the city, Carlos clears field Where we write the city, Carlos enters 'Bello, Antioquia' into Where we write the city, Carlos types 'DOWN' in Where we write the city, Carlos types 'ENTER' in Where we write the city, Carlos enters '050044' into Where we write the code postal, Carlos clicks on Where we write the country, Carlos enters 'Colombia' into Where we write the country, Carlos types 'ENTER' in Where we write the country, Carlos clicks on Click on the button for the steps next]]
[Test worker] WARN net.thucydides.core.steps.BaseStepListener - stepFinished: current outcome:Register on the Utest.com page:Given than Carlos is on the Utest page [Carlos open up [Carlos opens the Utest page]], When he clicks Join Today on the Utest page [Carlos join today [Carlos clicks on Click in the button Join Today]], And he enters the data required in the four registration steps
| first_name | last_name | email_address | language | city | postal_code | country | computer | version | language_computer | mobile_device | model | operating_system | password | repeat_password |
| Carlos | Castro | castro@correo.com | Spanish | Bello, Antioquia | 050044 | Colombia | Windows | Windows 10 Education | Spanish | Motorola | Moto G9 Plus | Android 10 | Asdfghjkl123*a | Asdfghjkl123*a | [Carlos enters [Carlos enters 'Carlos' into Where we write the first name, Carlos enters 'Castro' into Where we write the last name, Carlos enters 'castro@correo.com' into Where we write the email address, Carlos clicks on Click on the month of date birth, Carlos clicks on Click on the day of date birth, Carlos clicks on Click on the year of date birth, Carlos enters 'Spanish' into Where we write the native language, Carlos types 'ENTER' in Where we write the native language, Carlos clicks on Click on the button for the steps next], Carlos enters two [Carlos clicks on Where we write the city, Carlos clears field Where we write the city, Carlos enters 'Bello, Antioquia' into Where we write the city, Carlos types 'DOWN' in Where we write the city, Carlos types 'ENTER' in Where we write the city, Carlos enters '050044' into Where we write the code postal, Carlos clicks on Where we write the country, Carlos enters 'Colombia' into Where we write the country, Carlos types 'ENTER' in Where we write the country, Carlos clicks on Click on the button for the steps next]]
[Test worker] WARN net.thucydides.core.steps.BaseStepListener - stepStarted: net.thucydides.core.steps.ExecutedStepDescription@5f6b53ed
[Test worker] WARN net.thucydides.core.steps.BaseStepListener - stepStarted: net.thucydides.core.steps.ExecutedStepDescription@5db948c9
[Test worker] WARN net.thucydides.core.steps.BaseStepListener - stepFinished: current outcome:Register on the Utest.com page:Given than Carlos is on the Utest page [Carlos open up [Carlos opens the Utest page]], When he clicks Join Today on the Utest page [Carlos join today [Carlos clicks on Click in the button Join Today]], And he enters the data required in the four registration steps
| first_name | last_name | email_address | language | city | postal_code | country | computer | version | language_computer | mobile_device | model | operating_system | password | repeat_password |
| Carlos | Castro | castro@correo.com | Spanish | Bello, Antioquia | 050044 | Colombia | Windows | Windows 10 Education | Spanish | Motorola | Moto G9 Plus | Android 10 | Asdfghjkl123*a | Asdfghjkl123*a | [Carlos enters [Carlos enters 'Carlos' into Where we write the first name, Carlos enters 'Castro' into Where we write the last name, Carlos enters 'castro@correo.com' into Where we write the email address, Carlos clicks on Click on the month of date birth, Carlos clicks on Click on the day of date birth, Carlos clicks on Click on the year of date birth, Carlos enters 'Spanish' into Where we write the native language, Carlos types 'ENTER' in Where we write the native language, Carlos clicks on Click on the button for the steps next], Carlos enters two [Carlos clicks on Where we write the city, Carlos clears field Where we write the city, Carlos enters 'Bello, Antioquia' into Where we write the city, Carlos types 'DOWN' in Where we write the city, Carlos types 'ENTER' in Where we write the city, Carlos enters '050044' into Where we write the code postal, Carlos clicks on Where we write the country, Carlos enters 'Colombia' into Where we write the country, Carlos types 'ENTER' in Where we write the country, Carlos clicks on Click on the button for the steps next], Carlos enters three [Carlos clicks on Click on the operating system of the computer]]
[Test worker] WARN net.thucydides.core.steps.BaseStepListener - stepStarted: net.thucydides.core.steps.ExecutedStepDescription@4b03cbad
[Test worker] WARN net.thucydides.core.steps.BaseStepListener - stepFinished: current outcome:Register on the Utest.com page:Given than Carlos is on the Utest page [Carlos open up [Carlos opens the Utest page]], When he clicks Join Today on the Utest page [Carlos join today [Carlos clicks on Click in the button Join Today]], And he enters the data required in the four registration steps
| first_name | last_name | email_address | language | city | postal_code | country | computer | version | language_computer | mobile_device | model | operating_system | password | repeat_password |
| Carlos | Castro | castro@correo.com | Spanish | Bello, Antioquia | 050044 | Colombia | Windows | Windows 10 Education | Spanish | Motorola | Moto G9 Plus | Android 10 | Asdfghjkl123*a | Asdfghjkl123*a | [Carlos enters [Carlos enters 'Carlos' into Where we write the first name, Carlos enters 'Castro' into Where we write the last name, Carlos enters 'castro@correo.com' into Where we write the email address, Carlos clicks on Click on the month of date birth, Carlos clicks on Click on the day of date birth, Carlos clicks on Click on the year of date birth, Carlos enters 'Spanish' into Where we write the native language, Carlos types 'ENTER' in Where we write the native language, Carlos clicks on Click on the button for the steps next], Carlos enters two [Carlos clicks on Where we write the city, Carlos clears field Where we write the city, Carlos enters 'Bello, Antioquia' into Where we write the city, Carlos types 'DOWN' in Where we write the city, Carlos types 'ENTER' in Where we write the city, Carlos enters '050044' into Where we write the code postal, Carlos clicks on Where we write the country, Carlos enters 'Colombia' into Where we write the country, Carlos types 'ENTER' in Where we write the country, Carlos clicks on Click on the button for the steps next], Carlos enters three [Carlos clicks on Click on the operating system of the computer, Carlos enters 'Windows' into write the operating system of the computer]]
[Test worker] WARN net.thucydides.core.steps.BaseStepListener - stepStarted: net.thucydides.core.steps.ExecutedStepDescription@4966bab1
[Test worker] WARN net.thucydides.core.steps.BaseStepListener - stepFinished: current outcome:Register on the Utest.com page:Given than Carlos is on the Utest page [Carlos open up [Carlos opens the Utest page]], When he clicks Join Today on the Utest page [Carlos join today [Carlos clicks on Click in the button Join Today]], And he enters the data required in the four registration steps
| first_name | last_name | email_address | language | city | postal_code | country | computer | version | language_computer | mobile_device | model | operating_system | password | repeat_password |
| Carlos | Castro | castro@correo.com | Spanish | Bello, Antioquia | 050044 | Colombia | Windows | Windows 10 Education | Spanish | Motorola | Moto G9 Plus | Android 10 | Asdfghjkl123*a | Asdfghjkl123*a | [Carlos enters [Carlos enters 'Carlos' into Where we write the first name, Carlos enters 'Castro' into Where we write the last name, Carlos enters 'castro@correo.com' into Where we write the email address, Carlos clicks on Click on the month of date birth, Carlos clicks on Click on the day of date birth, Carlos clicks on Click on the year of date birth, Carlos enters 'Spanish' into Where we write the native language, Carlos types 'ENTER' in Where we write the native language, Carlos clicks on Click on the button for the steps next], Carlos enters two [Carlos clicks on Where we write the city, Carlos clears field Where we write the city, Carlos enters 'Bello, Antioquia' into Where we write the city, Carlos types 'DOWN' in Where we write the city, Carlos types 'ENTER' in Where we write the city, Carlos enters '050044' into Where we write the code postal, Carlos clicks on Where we write the country, Carlos enters 'Colombia' into Where we write the country, Carlos types 'ENTER' in Where we write the country, Carlos clicks on Click on the button for the steps next], Carlos enters three [Carlos clicks on Click on the operating system of the computer, Carlos enters 'Windows' into write the operating system of the computer, Carlos types 'ENTER' in write the operating system of the computer]]
[1664997433.454][WARNING]: screenshot failed, retrying disconnected: received Inspector.detached event
[Test worker] WARN net.thucydides.core.webdriver.WebDriverFacade - Failed to take screenshot (Unexpected result for screenshot command: null)
[Test worker] WARN net.thucydides.core.steps.BaseStepListener - stepStarted: net.thucydides.core.steps.ExecutedStepDescription@1c98b4eb
[Test worker] WARN net.thucydides.core.steps.BaseStepListener - stepStarted: net.thucydides.core.steps.ExecutedStepDescription@5b1c32e4
[Test worker] WARN net.thucydides.core.steps.BaseStepListener - stepStarted: net.thucydides.core.steps.ExecutedStepDescription@6d5f4900
[Test worker] WARN net.thucydides.core.steps.BaseStepListener - testFinished: Register on the Utest.com page:Given than Carlos is on the Utest page [Carlos open up [Carlos opens the Utest page]], When he clicks Join Today on the Utest page [Carlos join today [Carlos clicks on Click in the button Join Today]], And he enters the data required in the four registration steps
| first_name | last_name | email_address | language | city | postal_code | country | computer | version | language_computer | mobile_device | model | operating_system | password | repeat_password |
| Carlos | Castro | castro@correo.com | Spanish | Bello, Antioquia | 050044 | Colombia | Windows | Windows 10 Education | Spanish | Motorola | Moto G9 Plus | Android 10 | Asdfghjkl123*a | Asdfghjkl123*a | [Carlos enters [Carlos enters 'Carlos' into Where we write the first name, Carlos enters 'Castro' into Where we write the last name, Carlos enters 'castro@correo.com' into Where we write the email address, Carlos clicks on Click on the month of date birth, Carlos clicks on Click on the day of date birth, Carlos clicks on Click on the year of date birth, Carlos enters 'Spanish' into Where we write the native language, Carlos types 'ENTER' in Where we write the native language, Carlos clicks on Click on the button for the steps next], Carlos enters two [Carlos clicks on Where we write the city, Carlos clears field Where we write the city, Carlos enters 'Bello, Antioquia' into Where we write the city, Carlos types 'DOWN' in Where we write the city, Carlos types 'ENTER' in Where we write the city, Carlos enters '050044' into Where we write the code postal, Carlos clicks on Where we write the country, Carlos enters 'Colombia' into Where we write the country, Carlos types 'ENTER' in Where we write the country, Carlos clicks on Click on the button for the steps next], Carlos enters three [Carlos clicks on Click on the operating system of the computer, Carlos enters 'Windows' into write the operating system of the computer, Carlos types 'ENTER' in write the operating system of the computer, Carlos clicks on Click on the version operating system of the computer]], And he accept the terms of use, the guidelines and the privacy and security policy of utest, Then he registers successful on the Utest page seeing a message First, please check your email inbox
[Test worker] WARN net.thucydides.core.steps.BaseStepListener - TestOutcomes: [Register on the Utest.com page:Given than Carlos is on the Utest page [Carlos open up [Carlos opens the Utest page]], When he clicks Join Today on the Utest page [Carlos join today [Carlos clicks on Click in the button Join Today]], And he enters the data required in the four registration steps
| first_name | last_name | email_address | language | city | postal_code | country | computer | version | language_computer | mobile_device | model | operating_system | password | repeat_password |
| Carlos | Castro | castro@correo.com | Spanish | Bello, Antioquia | 050044 | Colombia | Windows | Windows 10 Education | Spanish | Motorola | Moto G9 Plus | Android 10 | Asdfghjkl123*a | Asdfghjkl123*a | [Carlos enters [Carlos enters 'Carlos' into Where we write the first name, Carlos enters 'Castro' into Where we write the last name, Carlos enters 'castro@correo.com' into Where we write the email address, Carlos clicks on Click on the month of date birth, Carlos clicks on Click on the day of date birth, Carlos clicks on Click on the year of date birth, Carlos enters 'Spanish' into Where we write the native language, Carlos types 'ENTER' in Where we write the native language, Carlos clicks on Click on the button for the steps next], Carlos enters two [Carlos clicks on Where we write the city, Carlos clears field Where we write the city, Carlos enters 'Bello, Antioquia' into Where we write the city, Carlos types 'DOWN' in Where we write the city, Carlos types 'ENTER' in Where we write the city, Carlos enters '050044' into Where we write the code postal, Carlos clicks on Where we write the country, Carlos enters 'Colombia' into Where we write the country, Carlos types 'ENTER' in Where we write the country, Carlos clicks on Click on the button for the steps next], Carlos enters three [Carlos clicks on Click on the operating system of the computer, Carlos enters 'Windows' into write the operating system of the computer, Carlos types 'ENTER' in write the operating system of the computer, Carlos clicks on Click on the version operating system of the computer]], And he accept the terms of use, the guidelines and the privacy and security policy of utest, Then he registers successful on the Utest page seeing a message First, please check your email inbox]
[Test worker] WARN net.thucydides.core.steps.BaseStepListener - Final testOutcomes: [Register on the Utest.com page:Given than Carlos is on the Utest page [Carlos open up [Carlos opens the Utest page]], When he clicks Join Today on the Utest page [Carlos join today [Carlos clicks on Click in the button Join Today]], And he enters the data required in the four registration steps
| first_name | last_name | email_address | language | city | postal_code | country | computer | version | language_computer | mobile_device | model | operating_system | password | repeat_password |
| Carlos | Castro | castro@correo.com | Spanish | Bello, Antioquia | 050044 | Colombia | Windows | Windows 10 Education | Spanish | Motorola | Moto G9 Plus | Android 10 | Asdfghjkl123*a | Asdfghjkl123*a | [Carlos enters [Carlos enters 'Carlos' into Where we write the first name, Carlos enters 'Castro' into Where we write the last name, Carlos enters 'castro@correo.com' into Where we write the email address, Carlos clicks on Click on the month of date birth, Carlos clicks on Click on the day of date birth, Carlos clicks on Click on the year of date birth, Carlos enters 'Spanish' into Where we write the native language, Carlos types 'ENTER' in Where we write the native language, Carlos clicks on Click on the button for the steps next], Carlos enters two [Carlos clicks on Where we write the city, Carlos clears field Where we write the city, Carlos enters 'Bello, Antioquia' into Where we write the city, Carlos types 'DOWN' in Where we write the city, Carlos types 'ENTER' in Where we write the city, Carlos enters '050044' into Where we write the code postal, Carlos clicks on Where we write the country, Carlos enters 'Colombia' into Where we write the country, Carlos types 'ENTER' in Where we write the country, Carlos clicks on Click on the button for the steps next], Carlos enters three [Carlos clicks on Click on the operating system of the computer, Carlos enters 'Windows' into write the operating system of the computer, Carlos types 'ENTER' in write the operating system of the computer, Carlos clicks on Click on the version operating system of the computer]], And he accept the terms of use, the guidelines and the privacy and security policy of utest, Then he registers successful on the Utest page seeing a message First, please check your email inbox]
[Test worker] ERROR net.thucydides.core.steps.ConsoleLoggingListener - 
           __  _____ _____ ____ _____   _____ _    ___ _     _____ ____  
  _       / / |_   _| ____/ ___|_   _| |  ___/ \  |_ _| |   | ____|  _ \ 
 (_)_____| |    | | |  _| \___ \ | |   | |_ / _ \  | || |   |  _| | | | |
  _|_____| |    | | | |___ ___) || |   |  _/ ___ \ | || |___| |___| |_| |
 (_)     | |    |_| |_____|____/ |_|   |_|/_/   \_\___|_____|_____|____/ 
          \_\                                                            

TEST FAILED WITH ERROR: Register on the Utest.com page
---------------------------------------------------------------------
[Test worker] ERROR net.thucydides.core.steps.ConsoleLoggingListener - TEST FAILED AT STEP Carlos clicks on Click on the version operating system of the computer
[Test worker] ERROR net.thucydides.core.steps.ConsoleLoggingListener - no such window: target window already closed
]]></system-err>
</testsuite>
